2020-01-20T17:25:36.999Z - info: Initializing jsreport@2.1.1 in development mode using configuration file: none
2020-01-20T17:25:37.001Z - info: Searching for available extensions in /var/www/html/reporting-server/
2020-01-20T17:25:37.071Z - info: Extensions location cache contains up to date information, skipping crawling in /var/www/html/reporting-server/
2020-01-20T17:25:37.075Z - info: Found 31 extensions
2020-01-20T17:25:37.170Z - debug: Writing extension locations cache to /tmp/jsreport/core/locations.json
2020-01-20T17:25:37.172Z - debug: Discovered 31 extensions
2020-01-20T17:25:37.221Z - info: Setting process based strategy for rendering. Please visit http://jsreport.net/learn/configuration for information how to get more performance.
2020-01-20T17:25:37.244Z - info: Using extension handlebars
2020-01-20T17:25:37.250Z - info: Using extension import-export
2020-01-20T17:25:39.437Z - info: Using extension templates
2020-01-20T17:25:39.489Z - info: Using extension jsrender
2020-01-20T17:25:39.537Z - info: Using extension authentication
2020-01-20T17:25:40.535Z - debug: Extension authentication was disabled
2020-01-20T17:25:40.535Z - info: Using extension freeze
2020-01-20T17:25:40.542Z - info: Using extension cli
2020-01-20T17:25:40.563Z - info: Using extension express
2020-01-20T17:25:41.769Z - info: Using extension debug
2020-01-20T17:25:41.773Z - info: Using extension tags
2020-01-20T17:25:41.865Z - info: Using extension data
2020-01-20T17:25:41.919Z - info: Using extension fs-store
2020-01-20T17:25:44.632Z - debug: Extension fs-store was disabled
2020-01-20T17:25:44.632Z - info: Using extension authorization
2020-01-20T17:25:44.648Z - debug: Extension authorization was disabled
2020-01-20T17:25:44.649Z - info: Using extension html-to-xlsx
2020-01-20T17:25:46.944Z - info: html-to-xlsx detected chrome as available html engine
2020-01-20T17:25:46.945Z - info: Using extension child-templates
2020-01-20T17:25:46.995Z - info: Using extension browser-client
2020-01-20T17:25:47.042Z - info: Using extension chrome-pdf
2020-01-20T17:25:47.124Z - info: Using extension pdf-utils
2020-01-20T17:25:47.981Z - info: Using extension version-control
2020-01-20T17:25:48.404Z - info: Using extension reports
2020-01-20T17:25:48.423Z - info: Using extension text
2020-01-20T17:25:48.425Z - info: Using extension base
2020-01-20T17:25:48.430Z - info: Using extension studio
2020-01-20T17:25:48.708Z - info: Using extension licensing
2020-01-20T17:25:48.814Z - info: Using extension scripts
2020-01-20T17:25:48.822Z - info: Using extension assets
2020-01-20T17:25:48.961Z - info: Using extension scheduling
2020-01-20T17:25:49.434Z - info: Using extension xlsx
2020-01-20T17:25:50.047Z - info: Using extension sample-template
2020-01-20T17:25:50.063Z - debug: Creating samples is disabled
2020-01-20T17:25:50.063Z - info: Using extension resources
2020-01-20T17:25:50.078Z - info: Using extension public-templates
2020-01-20T17:25:50.114Z - debug: Extension public-templates was disabled
2020-01-20T17:25:50.194Z - info: Creating default express app.
2020-01-20T17:25:50.442Z - info: jsreport server successfully started on http port: 5488
2020-01-20T17:25:50.446Z - info: Verifying license key free
2020-01-20T17:25:50.448Z - info: Using free license
2020-01-20T17:25:50.450Z - info: reporter initialized
2020-01-20T17:25:50.460Z - info: Starting rendering request 1 (user: null)
2020-01-20T17:25:50.462Z - info: Rendering anonymous template { recipe: chrome-pdf, engine: handlebars }
2020-01-20T17:25:50.463Z - debug: Inline data specified.
2020-01-20T17:25:50.463Z - debug: Resources not defined for this template.
2020-01-20T17:25:50.468Z - debug: Base url not specified, skipping its injection.
2020-01-20T17:25:50.470Z - debug: Rendering engine handlebars
2020-01-20T17:25:50.670Z - debug: Compiled template not found in the cache, compiling
2020-01-20T17:25:50.673Z - debug: Executing recipe chrome-pdf
2020-01-20T17:25:51.077Z - debug: Starting child request to render pdf header
2020-01-20T17:25:51.078Z - info: Starting rendering request 2 (user: null)
2020-01-20T17:25:51.079Z - info: Rendering anonymous template { recipe: html, engine: handlebars }
2020-01-20T17:25:51.079Z - debug: Inline data specified.
2020-01-20T17:25:51.080Z - debug: Resources not defined for this template.
2020-01-20T17:25:51.085Z - debug: Base url not specified, skipping its injection.
2020-01-20T17:25:51.086Z - debug: Rendering engine handlebars
2020-01-20T17:25:51.296Z - debug: Compiled template not found in the cache, compiling
2020-01-20T17:25:51.297Z - debug: Executing recipe html
2020-01-20T17:25:51.299Z - debug: Skipping storing report.
2020-01-20T17:25:51.302Z - info: Rendering request 2 finished in 222 ms
2020-01-20T17:25:51.840Z - debug: Running chrome with params {"headerTemplate":"<div style='text-align:center'>{#pageNum}/{#numPages}</div>","width":"800px","marginTop":"1cm","marginLeft":"1cm","margin":{"top":"1cm","left":"1cm"}}
2020-01-20T17:25:52.218Z - debug: Skipping storing report.
2020-01-20T17:25:52.225Z - info: Rendering request 1 finished in 1760 ms
